740318308419829764 
740327156153126915 
740327583921799171
743589307542233091 oaktownhipster did you tho?
743911395113181187 chef_jumaoche Ehy Guy thanks for the reetwet i always watch D&amp;D https://t.co/AZIf07BI0j
745659701040340996 oaktownhipster $14(yelp.
747161220784881667 MikeyHulter so, guy.  you seem .... effusive.  what's the secret to your .. couch!  FISH Pie.  In your taste of ever loving #picklejuice
747167418967961603 MikeyHulter scotch bonnet?  I have never been called scotch bonnet before.  I must say, I rather like it.
747167719288512516 MikeyHulter that's not a question.  good try though.  I agree, it is perfection.  it all it's chaotic glory, nothing else ... https://t.co/TqiOoRQoYM
747168014823358467 MikeyHulter you don't say.
747168996655456259 MikeyHulter where'd you go guy?
747177201188016131 MikeyHulter aw, you're too much.
747184175355039745 MikeyHulter I need your flavorful encouragement.
747190461438124036 MikeyHulter everything you say is mega tender.
747190825071706115 MikeyHulter no
747194682627657731 MikeyHulter no, one of those clams.
747298205105160196 MikeyHulter woah guy.  woah.
753977189616541699 EvgCherisse Thanks for the retweet. I'm a TV Host and would love to partner with you. https://t.co/pJmw6AtkAM https://t.co/2rj1VCcIt7
755210670237421571 ChefIrie Thanks for the retweet. Big ups
755215238421704707 ChefIrie Righteous.. fiyah mi seh. Bless up
762005037950181379 KellyDeVine1 Check out this restaurant!High Point Pizza Memphis Tennessee.Greatest pizza ever! https://t.co/ov9ecsSsTk
